Sender: LSF System <lsfadmin@cmsrm-wn120>
Subject: Job 663045: <source /cmshome/fpreiato/GammaJet/CMSSW_7_5_3/src/JetMETCorrections/GammaJetFilter/analysis/tuples/GJET_MC/GJet_alphacut015.src> Done

Job <source /cmshome/fpreiato/GammaJet/CMSSW_7_5_3/src/JetMETCorrections/GammaJetFilter/analysis/tuples/GJET_MC/GJet_alphacut015.src> was submitted from host <cmsrm-ui04> by user <fpreiato> in cluster <t2rm>.
Job was executed on host(s) <cmsrm-wn120>, in queue <cmslong>, as user <fpreiato> in cluster <t2rm>.
</cmshome/fpreiato> was used as the home directory.
</cmshome/fpreiato/GammaJet/CMSSW_7_5_3/src/JetMETCorrections/GammaJetFilter/analysis/tuples/GJET_MC> was used as the working directory.
Started at Tue Sep 29 13:02:26 2015
Results reported at Tue Sep 29 15:09:50 2015

Your job looked like:

------------------------------------------------------------
# LSBATCH: User input
source /cmshome/fpreiato/GammaJet/CMSSW_7_5_3/src/JetMETCorrections/GammaJetFilter/analysis/tuples/GJET_MC/GJet_alphacut015.src
------------------------------------------------------------

Successfully completed.

Resource usage summary:

    CPU time   :   7044.74 sec.
    Max Memory :      1126 MB
    Max Swap   :      1344 MB

    Max Processes  :         3
    Max Threads    :         4

The output (if any) follows:

Parsing triggers_mc.xml ...
done.
triggers mapping:
Pt range: [40, 8000]
.* -> 1
Opening files ...
done.

##########
# [34mRunning on [31mMC[m
##########

Processing...
Processing event #1 of 4010010 (0%) - 0 ms
Processing event #50001 of 4010010 (1.24688%) - 77519 ms
Processing event #100001 of 4010010 (2.49376%) - 78459 ms
Processing event #150001 of 4010010 (3.74064%) - 74699 ms
Processing event #200001 of 4010010 (4.98752%) - 75419 ms
Processing event #250001 of 4010010 (6.2344%) - 78485 ms
Processing event #300001 of 4010010 (7.48128%) - 75893 ms
Processing event #350001 of 4010010 (8.72816%) - 74971 ms
Processing event #400001 of 4010010 (9.97504%) - 77118 ms
Processing event #450001 of 4010010 (11.2219%) - 78088 ms
Processing event #500001 of 4010010 (12.4688%) - 78119 ms
Processing event #550001 of 4010010 (13.7157%) - 80682 ms
Processing event #600001 of 4010010 (14.9626%) - 79289 ms
Processing event #650001 of 4010010 (16.2094%) - 80703 ms
Processing event #700001 of 4010010 (17.4563%) - 81783 ms
Processing event #750001 of 4010010 (18.7032%) - 83005 ms
Processing event #800001 of 4010010 (19.9501%) - 83204 ms
Processing event #850001 of 4010010 (21.197%) - 83270 ms
Processing event #900001 of 4010010 (22.4438%) - 86362 ms
Processing event #950001 of 4010010 (23.6907%) - 83573 ms
Processing event #1000001 of 4010010 (24.9376%) - 84996 ms
Processing event #1050001 of 4010010 (26.1845%) - 88604 ms
Processing event #1100001 of 4010010 (27.4314%) - 87959 ms
Processing event #1150001 of 4010010 (28.6782%) - 92846 ms
Processing event #1200001 of 4010010 (29.9251%) - 92409 ms
Processing event #1250001 of 4010010 (31.172%) - 92007 ms
Processing event #1300001 of 4010010 (32.4189%) - 92759 ms
Processing event #1350001 of 4010010 (33.6658%) - 96803 ms
Processing event #1400001 of 4010010 (34.9126%) - 94734 ms
Processing event #1450001 of 4010010 (36.1595%) - 93619 ms
Processing event #1500001 of 4010010 (37.4064%) - 93593 ms
Processing event #1550001 of 4010010 (38.6533%) - 93921 ms
Processing event #1600001 of 4010010 (39.9002%) - 98406 ms
Processing event #1650001 of 4010010 (41.147%) - 95305 ms
Processing event #1700001 of 4010010 (42.3939%) - 94609 ms
Processing event #1750001 of 4010010 (43.6408%) - 97237 ms
Processing event #1800001 of 4010010 (44.8877%) - 97236 ms
Processing event #1850001 of 4010010 (46.1345%) - 95294 ms
Processing event #1900001 of 4010010 (47.3814%) - 96771 ms
Processing event #1950001 of 4010010 (48.6283%) - 95615 ms
Processing event #2000001 of 4010010 (49.8752%) - 95966 ms
Processing event #2050001 of 4010010 (51.1221%) - 98115 ms
Processing event #2100001 of 4010010 (52.3689%) - 98116 ms
Processing event #2150001 of 4010010 (53.6158%) - 96632 ms
Processing event #2200001 of 4010010 (54.8627%) - 97341 ms
Processing event #2250001 of 4010010 (56.1096%) - 96865 ms
Processing event #2300001 of 4010010 (57.3565%) - 97911 ms
Processing event #2350001 of 4010010 (58.6033%) - 98211 ms
Processing event #2400001 of 4010010 (59.8502%) - 99783 ms
Processing event #2450001 of 4010010 (61.0971%) - 97811 ms
Processing event #2500001 of 4010010 (62.344%) - 100099 ms
Processing event #2550001 of 4010010 (63.5909%) - 99068 ms
Processing event #2600001 of 4010010 (64.8377%) - 99179 ms
Processing event #2650001 of 4010010 (66.0846%) - 100490 ms
Processing event #2700001 of 4010010 (67.3315%) - 99922 ms
Processing event #2750001 of 4010010 (68.5784%) - 99753 ms
Processing event #2800001 of 4010010 (69.8253%) - 102289 ms
Processing event #2850001 of 4010010 (71.0721%) - 100091 ms
Processing event #2900001 of 4010010 (72.319%) - 107677 ms
Processing event #2950001 of 4010010 (73.5659%) - 100624 ms
Processing event #3000001 of 4010010 (74.8128%) - 102040 ms
Processing event #3050001 of 4010010 (76.0597%) - 104633 ms
Processing event #3100001 of 4010010 (77.3065%) - 103589 ms
Processing event #3150001 of 4010010 (78.5534%) - 106574 ms
Processing event #3200001 of 4010010 (79.8003%) - 104886 ms
Processing event #3250001 of 4010010 (81.0472%) - 106033 ms
Processing event #3300001 of 4010010 (82.2941%) - 103281 ms
Processing event #3350001 of 4010010 (83.5409%) - 102934 ms
Processing event #3400001 of 4010010 (84.7878%) - 103786 ms
Processing event #3450001 of 4010010 (86.0347%) - 103275 ms
Processing event #3500001 of 4010010 (87.2816%) - 103917 ms
Processing event #3550001 of 4010010 (88.5285%) - 106848 ms
Processing event #3600001 of 4010010 (89.7753%) - 105130 ms
Processing event #3650001 of 4010010 (91.0222%) - 105716 ms
Processing event #3700001 of 4010010 (92.2691%) - 105654 ms
Processing event #3750001 of 4010010 (93.516%) - 106454 ms
Processing event #3800001 of 4010010 (94.7629%) - 105821 ms
Processing event #3850001 of 4010010 (96.0097%) - 109999 ms
Processing event #3900001 of 4010010 (97.2566%) - 107075 ms
Processing event #3950001 of 4010010 (98.5035%) - 107352 ms
Processing event #4000001 of 4010010 (99.7504%) - 107764 ms

Absolute efficiency : related to initial number of event =  4010010
Efficiency for photon/jet cut: [31m99.1536%[m
Selection efficiency for trigger selection: [31m98.0547%[m
Efficiency for Δφ cut: [31m87.1875%[m
Efficiency for pixel seed veto cut: [31m84.2578%[m
Efficiency for muons cut: [31m78.8137%[m
Efficiency for electrons cut: [31m77.0762%[m
Efficiency for pT(j1) cut: [31m77.0747%[m
Efficiency for α cut: [31m50.3617%[m
Selection efficiency: [31m42.4249%[m

Relative efficiency --- Initial events : 4010010
Efficiency for photon/jet cut: [31m99.1536%[m
Selection efficiency for trigger selection: [31m98.8917%[m
Efficiency for Δφ cut: [31m88.9173%[m
Efficiency for pixel seed veto cut: [31m96.6397%[m
Efficiency for muons cut: [31m93.5388%[m
Efficiency for electrons cut: [31m97.7955%[m
Efficiency for pT(j1) cut: [31m99.998%[m
Efficiency for α cut: [31m65.3414%[m
Selection efficiency: [31m84.2403%[m
 Entries degli isto senza passedID -->    3090703
 Entries degli isto con passedID -->    1701241
Warning in <Fit>: Fit data is empty 
Warning in <Fit>: Fit data is empty 
Warning in <Fit>: Fit data is empty 
Warning in <Fit>: Fit data is empty 
Warning in <Fit>: Fit data is empty 
Warning in <Fit>: Fit data is empty 
Warning in <Fit>: Fit data is empty 
Warning in <Fit>: Fit data is empty 
Warning in <Fit>: Fit data is empty 
Warning in <Fit>: Fit data is empty 
Warning in <Fit>: Fit data is empty 
Warning in <Fit>: Fit data is empty 
Warning in <Fit>: Fit data is empty 
Warning in <Fit>: Fit data is empty 
