Sender: LSF System <lsfadmin@cmsrm-wn047>
Subject: Job 607937: <source /cmshome/fpreiato/GammaJet/CMSSW_7_5_3/src/JetMETCorrections/GammaJetFilter/analysis/tuples/GJET_MC/GJet_alphacut025.src> Done

Job <source /cmshome/fpreiato/GammaJet/CMSSW_7_5_3/src/JetMETCorrections/GammaJetFilter/analysis/tuples/GJET_MC/GJet_alphacut025.src> was submitted from host <cmsrm-ui04> by user <fpreiato> in cluster <t2rm>.
Job was executed on host(s) <cmsrm-wn047>, in queue <cmslong>, as user <fpreiato> in cluster <t2rm>.
</cmshome/fpreiato> was used as the home directory.
</cmshome/fpreiato/GammaJet/CMSSW_7_5_3/src/JetMETCorrections/GammaJetFilter/analysis/tuples/GJET_MC> was used as the working directory.
Started at Fri Sep 25 16:50:59 2015
Results reported at Fri Sep 25 18:17:34 2015

Your job looked like:

------------------------------------------------------------
# LSBATCH: User input
source /cmshome/fpreiato/GammaJet/CMSSW_7_5_3/src/JetMETCorrections/GammaJetFilter/analysis/tuples/GJET_MC/GJet_alphacut025.src
------------------------------------------------------------

Successfully completed.

Resource usage summary:

    CPU time   :   4618.56 sec.
    Max Memory :      1077 MB
    Max Swap   :      1353 MB

    Max Processes  :         3
    Max Threads    :         4

The output (if any) follows:

Parsing triggers_mc.xml ...
done.
triggers mapping:
Pt range: [40, 8000]
.* -> 1
Opening files ...
done.

##########
# [34mRunning on [31mMC[m
##########

Processing...
Processing event #1 of 4010010 (0%) - 0 ms
Processing event #50001 of 4010010 (1.24688%) - 65293 ms
Processing event #100001 of 4010010 (2.49376%) - 68709 ms
Processing event #150001 of 4010010 (3.74064%) - 63276 ms
Processing event #200001 of 4010010 (4.98752%) - 66724 ms
Processing event #250001 of 4010010 (6.2344%) - 66567 ms
Processing event #300001 of 4010010 (7.48128%) - 65451 ms
Processing event #350001 of 4010010 (8.72816%) - 65660 ms
Processing event #400001 of 4010010 (9.97504%) - 66724 ms
Processing event #450001 of 4010010 (11.2219%) - 67363 ms
Processing event #500001 of 4010010 (12.4688%) - 65971 ms
Processing event #550001 of 4010010 (13.7157%) - 65187 ms
Processing event #600001 of 4010010 (14.9626%) - 61821 ms
Processing event #650001 of 4010010 (16.2094%) - 70355 ms
Processing event #700001 of 4010010 (17.4563%) - 59040 ms
Processing event #750001 of 4010010 (18.7032%) - 58057 ms
Processing event #800001 of 4010010 (19.9501%) - 57337 ms
Processing event #850001 of 4010010 (21.197%) - 58584 ms
Processing event #900001 of 4010010 (22.4438%) - 58756 ms
Processing event #950001 of 4010010 (23.6907%) - 57731 ms
Processing event #1000001 of 4010010 (24.9376%) - 58135 ms
Processing event #1050001 of 4010010 (26.1845%) - 58555 ms
Processing event #1100001 of 4010010 (27.4314%) - 58598 ms
Processing event #1150001 of 4010010 (28.6782%) - 59360 ms
Processing event #1200001 of 4010010 (29.9251%) - 60478 ms
Processing event #1250001 of 4010010 (31.172%) - 60438 ms
Processing event #1300001 of 4010010 (32.4189%) - 61175 ms
Processing event #1350001 of 4010010 (33.6658%) - 60260 ms
Processing event #1400001 of 4010010 (34.9126%) - 60556 ms
Processing event #1450001 of 4010010 (36.1595%) - 60292 ms
Processing event #1500001 of 4010010 (37.4064%) - 60048 ms
Processing event #1550001 of 4010010 (38.6533%) - 61133 ms
Processing event #1600001 of 4010010 (39.9002%) - 60622 ms
Processing event #1650001 of 4010010 (41.147%) - 61330 ms
Processing event #1700001 of 4010010 (42.3939%) - 61001 ms
Processing event #1750001 of 4010010 (43.6408%) - 61349 ms
Processing event #1800001 of 4010010 (44.8877%) - 60823 ms
Processing event #1850001 of 4010010 (46.1345%) - 61894 ms
Processing event #1900001 of 4010010 (47.3814%) - 63677 ms
Processing event #1950001 of 4010010 (48.6283%) - 61578 ms
Processing event #2000001 of 4010010 (49.8752%) - 71962 ms
Processing event #2050001 of 4010010 (51.1221%) - 60990 ms
Processing event #2100001 of 4010010 (52.3689%) - 63420 ms
Processing event #2150001 of 4010010 (53.6158%) - 61099 ms
Processing event #2200001 of 4010010 (54.8627%) - 63580 ms
Processing event #2250001 of 4010010 (56.1096%) - 61111 ms
Processing event #2300001 of 4010010 (57.3565%) - 62202 ms
Processing event #2350001 of 4010010 (58.6033%) - 60906 ms
Processing event #2400001 of 4010010 (59.8502%) - 63004 ms
Processing event #2450001 of 4010010 (61.0971%) - 61815 ms
Processing event #2500001 of 4010010 (62.344%) - 62648 ms
Processing event #2550001 of 4010010 (63.5909%) - 64018 ms
Processing event #2600001 of 4010010 (64.8377%) - 63205 ms
Processing event #2650001 of 4010010 (66.0846%) - 64668 ms
Processing event #2700001 of 4010010 (67.3315%) - 62813 ms
Processing event #2750001 of 4010010 (68.5784%) - 65220 ms
Processing event #2800001 of 4010010 (69.8253%) - 64759 ms
Processing event #2850001 of 4010010 (71.0721%) - 66129 ms
Processing event #2900001 of 4010010 (72.319%) - 67264 ms
Processing event #2950001 of 4010010 (73.5659%) - 72433 ms
Processing event #3000001 of 4010010 (74.8128%) - 69193 ms
Processing event #3050001 of 4010010 (76.0597%) - 66112 ms
Processing event #3100001 of 4010010 (77.3065%) - 69820 ms
Processing event #3150001 of 4010010 (78.5534%) - 67183 ms
Processing event #3200001 of 4010010 (79.8003%) - 67652 ms
Processing event #3250001 of 4010010 (81.0472%) - 69811 ms
Processing event #3300001 of 4010010 (82.2941%) - 67880 ms
Processing event #3350001 of 4010010 (83.5409%) - 66977 ms
Processing event #3400001 of 4010010 (84.7878%) - 68079 ms
Processing event #3450001 of 4010010 (86.0347%) - 69283 ms
Processing event #3500001 of 4010010 (87.2816%) - 70745 ms
Processing event #3550001 of 4010010 (88.5285%) - 69401 ms
Processing event #3600001 of 4010010 (89.7753%) - 69129 ms
Processing event #3650001 of 4010010 (91.0222%) - 69873 ms
Processing event #3700001 of 4010010 (92.2691%) - 68766 ms
Processing event #3750001 of 4010010 (93.516%) - 66761 ms
Processing event #3800001 of 4010010 (94.7629%) - 71322 ms
Processing event #3850001 of 4010010 (96.0097%) - 70136 ms
Processing event #3900001 of 4010010 (97.2566%) - 70718 ms
Processing event #3950001 of 4010010 (98.5035%) - 75852 ms
Processing event #4000001 of 4010010 (99.7504%) - 72101 ms

Absolute efficiency : related to initial number of event =  4010010
Efficiency for photon/jet cut: [31m99.1536%[m
Selection efficiency for trigger selection: [31m98.0547%[m
Efficiency for Δφ cut: [31m87.1875%[m
Efficiency for pixel seed veto cut: [31m84.2578%[m
Efficiency for muons cut: [31m78.8137%[m
Efficiency for electrons cut: [31m77.0762%[m
Efficiency for pT(j1) cut: [31m77.0747%[m
Efficiency for α cut: [31m63.5482%[m
Selection efficiency: [31m62.8076%[m

Relative efficiency --- Initial events : 4010010
Efficiency for photon/jet cut: [31m99.1536%[m
Selection efficiency for trigger selection: [31m98.8917%[m
Efficiency for Δφ cut: [31m88.9173%[m
Efficiency for pixel seed veto cut: [31m96.6397%[m
Efficiency for muons cut: [31m93.5388%[m
Efficiency for electrons cut: [31m97.7955%[m
Efficiency for pT(j1) cut: [31m99.998%[m
Efficiency for α cut: [31m82.4502%[m
Selection efficiency: [31m98.8345%[m
 passedJetPtCut -> Entries degli isto senza passedID -->    3090703
 passedEvents -> Entries degli isto con passedID -->    2518590
Warning in <Fit>: Fit data is empty 
Warning in <Fit>: Fit data is empty 
Warning in <Fit>: Fit data is empty 
Warning in <ROOT::Fit::FillData>: fit range is outside histogram range, no fit data for xaxis
Warning in <Fit>: Fit data is empty 
Warning in <ROOT::Fit::FillData>: fit range is outside histogram range, no fit data for xaxis
Warning in <Fit>: Fit data is empty 
Warning in <ROOT::Fit::FillData>: fit range is outside histogram range, no fit data for xaxis
Warning in <Fit>: Fit data is empty 
Warning in <Fit>: Fit data is empty 
Warning in <Fit>: Fit data is empty 
Warning in <Fit>: Fit data is empty 
Warning in <Fit>: Fit data is empty 
Warning in <Fit>: Fit data is empty 
Warning in <Fit>: Fit data is empty 
Warning in <Fit>: Fit data is empty 
Warning in <Fit>: Fit data is empty 
Warning in <Fit>: Fit data is empty 
Warning in <Fit>: Fit data is empty 
Warning in <Fit>: Fit data is empty 
Warning in <Fit>: Fit data is empty 
Warning in <Fit>: Fit data is empty 
Warning in <Fit>: Fit data is empty 
Warning in <Fit>: Fit data is empty 
Warning in <Fit>: Fit data is empty 
Warning in <Fit>: Fit data is empty 
