Sender: LSF System <lsfadmin@cmsrm-wn099>
Subject: Job 607936: <source /cmshome/fpreiato/GammaJet/CMSSW_7_5_3/src/JetMETCorrections/GammaJetFilter/analysis/tuples/GJET_MC/GJet_alphacut020.src> Done

Job <source /cmshome/fpreiato/GammaJet/CMSSW_7_5_3/src/JetMETCorrections/GammaJetFilter/analysis/tuples/GJET_MC/GJet_alphacut020.src> was submitted from host <cmsrm-ui04> by user <fpreiato> in cluster <t2rm>.
Job was executed on host(s) <cmsrm-wn099>, in queue <cmslong>, as user <fpreiato> in cluster <t2rm>.
</cmshome/fpreiato> was used as the home directory.
</cmshome/fpreiato/GammaJet/CMSSW_7_5_3/src/JetMETCorrections/GammaJetFilter/analysis/tuples/GJET_MC> was used as the working directory.
Started at Fri Sep 25 16:50:59 2015
Results reported at Fri Sep 25 18:50:59 2015

Your job looked like:

------------------------------------------------------------
# LSBATCH: User input
source /cmshome/fpreiato/GammaJet/CMSSW_7_5_3/src/JetMETCorrections/GammaJetFilter/analysis/tuples/GJET_MC/GJet_alphacut020.src
------------------------------------------------------------

Successfully completed.

Resource usage summary:

    CPU time   :   6567.76 sec.
    Max Memory :      1077 MB
    Max Swap   :      1357 MB

    Max Processes  :         3
    Max Threads    :         4

The output (if any) follows:

Parsing triggers_mc.xml ...
done.
triggers mapping:
Pt range: [40, 8000]
.* -> 1
Opening files ...
done.

##########
# [34mRunning on [31mMC[m
##########

Processing...
Processing event #1 of 4010010 (0%) - 0 ms
Processing event #50001 of 4010010 (1.24688%) - 82866 ms
Processing event #100001 of 4010010 (2.49376%) - 82706 ms
Processing event #150001 of 4010010 (3.74064%) - 84547 ms
Processing event #200001 of 4010010 (4.98752%) - 84896 ms
Processing event #250001 of 4010010 (6.2344%) - 84690 ms
Processing event #300001 of 4010010 (7.48128%) - 86477 ms
Processing event #350001 of 4010010 (8.72816%) - 85745 ms
Processing event #400001 of 4010010 (9.97504%) - 85492 ms
Processing event #450001 of 4010010 (11.2219%) - 85446 ms
Processing event #500001 of 4010010 (12.4688%) - 85936 ms
Processing event #550001 of 4010010 (13.7157%) - 84085 ms
Processing event #600001 of 4010010 (14.9626%) - 83616 ms
Processing event #650001 of 4010010 (16.2094%) - 82065 ms
Processing event #700001 of 4010010 (17.4563%) - 83458 ms
Processing event #750001 of 4010010 (18.7032%) - 80024 ms
Processing event #800001 of 4010010 (19.9501%) - 81706 ms
Processing event #850001 of 4010010 (21.197%) - 82660 ms
Processing event #900001 of 4010010 (22.4438%) - 80434 ms
Processing event #950001 of 4010010 (23.6907%) - 82969 ms
Processing event #1000001 of 4010010 (24.9376%) - 82928 ms
Processing event #1050001 of 4010010 (26.1845%) - 85125 ms
Processing event #1100001 of 4010010 (27.4314%) - 84617 ms
Processing event #1150001 of 4010010 (28.6782%) - 83980 ms
Processing event #1200001 of 4010010 (29.9251%) - 84561 ms
Processing event #1250001 of 4010010 (31.172%) - 83945 ms
Processing event #1300001 of 4010010 (32.4189%) - 83188 ms
Processing event #1350001 of 4010010 (33.6658%) - 81911 ms
Processing event #1400001 of 4010010 (34.9126%) - 81027 ms
Processing event #1450001 of 4010010 (36.1595%) - 80330 ms
Processing event #1500001 of 4010010 (37.4064%) - 81780 ms
Processing event #1550001 of 4010010 (38.6533%) - 81849 ms
Processing event #1600001 of 4010010 (39.9002%) - 82039 ms
Processing event #1650001 of 4010010 (41.147%) - 82482 ms
Processing event #1700001 of 4010010 (42.3939%) - 82384 ms
Processing event #1750001 of 4010010 (43.6408%) - 83999 ms
Processing event #1800001 of 4010010 (44.8877%) - 84860 ms
Processing event #1850001 of 4010010 (46.1345%) - 82564 ms
Processing event #1900001 of 4010010 (47.3814%) - 82516 ms
Processing event #1950001 of 4010010 (48.6283%) - 81795 ms
Processing event #2000001 of 4010010 (49.8752%) - 84950 ms
Processing event #2050001 of 4010010 (51.1221%) - 85266 ms
Processing event #2100001 of 4010010 (52.3689%) - 90593 ms
Processing event #2150001 of 4010010 (53.6158%) - 94835 ms
Processing event #2200001 of 4010010 (54.8627%) - 88789 ms
Processing event #2250001 of 4010010 (56.1096%) - 92414 ms
Processing event #2300001 of 4010010 (57.3565%) - 92637 ms
Processing event #2350001 of 4010010 (58.6033%) - 90509 ms
Processing event #2400001 of 4010010 (59.8502%) - 92367 ms
Processing event #2450001 of 4010010 (61.0971%) - 90890 ms
Processing event #2500001 of 4010010 (62.344%) - 91205 ms
Processing event #2550001 of 4010010 (63.5909%) - 91178 ms
Processing event #2600001 of 4010010 (64.8377%) - 91252 ms
Processing event #2650001 of 4010010 (66.0846%) - 90748 ms
Processing event #2700001 of 4010010 (67.3315%) - 92536 ms
Processing event #2750001 of 4010010 (68.5784%) - 91169 ms
Processing event #2800001 of 4010010 (69.8253%) - 93140 ms
Processing event #2850001 of 4010010 (71.0721%) - 91466 ms
Processing event #2900001 of 4010010 (72.319%) - 93973 ms
Processing event #2950001 of 4010010 (73.5659%) - 93933 ms
Processing event #3000001 of 4010010 (74.8128%) - 93495 ms
Processing event #3050001 of 4010010 (76.0597%) - 97099 ms
Processing event #3100001 of 4010010 (77.3065%) - 92036 ms
Processing event #3150001 of 4010010 (78.5534%) - 95585 ms
Processing event #3200001 of 4010010 (79.8003%) - 98716 ms
Processing event #3250001 of 4010010 (81.0472%) - 98536 ms
Processing event #3300001 of 4010010 (82.2941%) - 92297 ms
Processing event #3350001 of 4010010 (83.5409%) - 95896 ms
Processing event #3400001 of 4010010 (84.7878%) - 97408 ms
Processing event #3450001 of 4010010 (86.0347%) - 98096 ms
Processing event #3500001 of 4010010 (87.2816%) - 99961 ms
Processing event #3550001 of 4010010 (88.5285%) - 96293 ms
Processing event #3600001 of 4010010 (89.7753%) - 100149 ms
Processing event #3650001 of 4010010 (91.0222%) - 97060 ms
Processing event #3700001 of 4010010 (92.2691%) - 98007 ms
Processing event #3750001 of 4010010 (93.516%) - 99116 ms
Processing event #3800001 of 4010010 (94.7629%) - 112313 ms
Processing event #3850001 of 4010010 (96.0097%) - 108395 ms
Processing event #3900001 of 4010010 (97.2566%) - 105226 ms
Processing event #3950001 of 4010010 (98.5035%) - 103524 ms
Processing event #4000001 of 4010010 (99.7504%) - 102932 ms

Absolute efficiency : related to initial number of event =  4010010
Efficiency for photon/jet cut: [31m99.1536%[m
Selection efficiency for trigger selection: [31m98.0547%[m
Efficiency for Δφ cut: [31m87.1875%[m
Efficiency for pixel seed veto cut: [31m84.2578%[m
Efficiency for muons cut: [31m78.8137%[m
Efficiency for electrons cut: [31m77.0762%[m
Efficiency for pT(j1) cut: [31m77.0747%[m
Efficiency for α cut: [31m58.014%[m
Selection efficiency: [31m57.305%[m

Relative efficiency --- Initial events : 4010010
Efficiency for photon/jet cut: [31m99.1536%[m
Selection efficiency for trigger selection: [31m98.8917%[m
Efficiency for Δφ cut: [31m88.9173%[m
Efficiency for pixel seed veto cut: [31m96.6397%[m
Efficiency for muons cut: [31m93.5388%[m
Efficiency for electrons cut: [31m97.7955%[m
Efficiency for pT(j1) cut: [31m99.998%[m
Efficiency for α cut: [31m75.2698%[m
Selection efficiency: [31m98.778%[m
 passedJetPtCut -> Entries degli isto senza passedID -->    3090703
 passedEvents -> Entries degli isto con passedID -->    2297937
Warning in <Fit>: Fit data is empty 
Warning in <Fit>: Fit data is empty 
Warning in <Fit>: Fit data is empty 
Warning in <ROOT::Fit::FillData>: fit range is outside histogram range, no fit data for xaxis
Warning in <Fit>: Fit data is empty 
Warning in <ROOT::Fit::FillData>: fit range is outside histogram range, no fit data for xaxis
Warning in <Fit>: Fit data is empty 
Warning in <ROOT::Fit::FillData>: fit range is outside histogram range, no fit data for xaxis
Warning in <Fit>: Fit data is empty 
Warning in <Fit>: Fit data is empty 
Warning in <Fit>: Fit data is empty 
Warning in <Fit>: Fit data is empty 
Warning in <Fit>: Fit data is empty 
Warning in <Fit>: Fit data is empty 
Warning in <Fit>: Fit data is empty 
Warning in <Fit>: Fit data is empty 
Warning in <Fit>: Fit data is empty 
Warning in <Fit>: Fit data is empty 
Warning in <Fit>: Fit data is empty 
Warning in <Fit>: Fit data is empty 
