Sender: LSF System <lsfadmin@cmsrm-wn134>
Subject: Job 677949: <source /cmshome/fpreiato/GammaJet/CMSSW_7_5_3/src/JetMETCorrections/GammaJetFilter/analysis/tuples/GJET_MC/GJet_alphacut005.src> Done

Job <source /cmshome/fpreiato/GammaJet/CMSSW_7_5_3/src/JetMETCorrections/GammaJetFilter/analysis/tuples/GJET_MC/GJet_alphacut005.src> was submitted from host <cmsrm-ui04> by user <fpreiato> in cluster <t2rm>.
Job was executed on host(s) <cmsrm-wn134>, in queue <cmslong>, as user <fpreiato> in cluster <t2rm>.
</cmshome/fpreiato> was used as the home directory.
</cmshome/fpreiato/GammaJet/CMSSW_7_5_3/src/JetMETCorrections/GammaJetFilter/analysis/tuples/GJET_MC> was used as the working directory.
Started at Wed Sep 30 12:50:26 2015
Results reported at Wed Sep 30 15:12:23 2015

Your job looked like:

------------------------------------------------------------
# LSBATCH: User input
source /cmshome/fpreiato/GammaJet/CMSSW_7_5_3/src/JetMETCorrections/GammaJetFilter/analysis/tuples/GJET_MC/GJet_alphacut005.src
------------------------------------------------------------

Successfully completed.

Resource usage summary:

    CPU time   :   7966.34 sec.
    Max Memory :       850 MB
    Max Swap   :      1129 MB

    Max Processes  :         3
    Max Threads    :         4

The output (if any) follows:

Parsing triggers_mc.xml ...
done.
triggers mapping:
Pt range: [40, 8000]
.* -> 1
Opening files ...
done.

##########
# [34mRunning on [31mMC[m
##########

Processing...
Processing event #1 of 4010010 (0%) - 0 ms
Processing event #50001 of 4010010 (1.24688%) - 97616 ms
Processing event #100001 of 4010010 (2.49376%) - 97368 ms
Processing event #150001 of 4010010 (3.74064%) - 89406 ms
Processing event #200001 of 4010010 (4.98752%) - 89512 ms
Processing event #250001 of 4010010 (6.2344%) - 90500 ms
Processing event #300001 of 4010010 (7.48128%) - 89777 ms
Processing event #350001 of 4010010 (8.72816%) - 90662 ms
Processing event #400001 of 4010010 (9.97504%) - 91488 ms
Processing event #450001 of 4010010 (11.2219%) - 93838 ms
Processing event #500001 of 4010010 (12.4688%) - 91604 ms
Processing event #550001 of 4010010 (13.7157%) - 91214 ms
Processing event #600001 of 4010010 (14.9626%) - 91750 ms
Processing event #650001 of 4010010 (16.2094%) - 93529 ms
Processing event #700001 of 4010010 (17.4563%) - 94668 ms
Processing event #750001 of 4010010 (18.7032%) - 93275 ms
Processing event #800001 of 4010010 (19.9501%) - 93446 ms
Processing event #850001 of 4010010 (21.197%) - 95190 ms
Processing event #900001 of 4010010 (22.4438%) - 94039 ms
Processing event #950001 of 4010010 (23.6907%) - 94186 ms
Processing event #1000001 of 4010010 (24.9376%) - 97486 ms
Processing event #1050001 of 4010010 (26.1845%) - 96825 ms
Processing event #1100001 of 4010010 (27.4314%) - 96266 ms
Processing event #1150001 of 4010010 (28.6782%) - 98087 ms
Processing event #1200001 of 4010010 (29.9251%) - 98047 ms
Processing event #1250001 of 4010010 (31.172%) - 98480 ms
Processing event #1300001 of 4010010 (32.4189%) - 100319 ms
Processing event #1350001 of 4010010 (33.6658%) - 99252 ms
Processing event #1400001 of 4010010 (34.9126%) - 100316 ms
Processing event #1450001 of 4010010 (36.1595%) - 101832 ms
Processing event #1500001 of 4010010 (37.4064%) - 101424 ms
Processing event #1550001 of 4010010 (38.6533%) - 102476 ms
Processing event #1600001 of 4010010 (39.9002%) - 102201 ms
Processing event #1650001 of 4010010 (41.147%) - 104646 ms
Processing event #1700001 of 4010010 (42.3939%) - 102385 ms
Processing event #1750001 of 4010010 (43.6408%) - 104638 ms
Processing event #1800001 of 4010010 (44.8877%) - 103913 ms
Processing event #1850001 of 4010010 (46.1345%) - 103492 ms
Processing event #1900001 of 4010010 (47.3814%) - 103997 ms
Processing event #1950001 of 4010010 (48.6283%) - 102680 ms
Processing event #2000001 of 4010010 (49.8752%) - 103277 ms
Processing event #2050001 of 4010010 (51.1221%) - 106317 ms
Processing event #2100001 of 4010010 (52.3689%) - 105473 ms
Processing event #2150001 of 4010010 (53.6158%) - 104851 ms
Processing event #2200001 of 4010010 (54.8627%) - 105752 ms
Processing event #2250001 of 4010010 (56.1096%) - 108697 ms
Processing event #2300001 of 4010010 (57.3565%) - 109999 ms
Processing event #2350001 of 4010010 (58.6033%) - 108817 ms
Processing event #2400001 of 4010010 (59.8502%) - 108520 ms
Processing event #2450001 of 4010010 (61.0971%) - 109525 ms
Processing event #2500001 of 4010010 (62.344%) - 110063 ms
Processing event #2550001 of 4010010 (63.5909%) - 109162 ms
Processing event #2600001 of 4010010 (64.8377%) - 111848 ms
Processing event #2650001 of 4010010 (66.0846%) - 109886 ms
Processing event #2700001 of 4010010 (67.3315%) - 111400 ms
Processing event #2750001 of 4010010 (68.5784%) - 112517 ms
Processing event #2800001 of 4010010 (69.8253%) - 113137 ms
Processing event #2850001 of 4010010 (71.0721%) - 114123 ms
Processing event #2900001 of 4010010 (72.319%) - 113937 ms
Processing event #2950001 of 4010010 (73.5659%) - 113652 ms
Processing event #3000001 of 4010010 (74.8128%) - 114709 ms
Processing event #3050001 of 4010010 (76.0597%) - 115376 ms
Processing event #3100001 of 4010010 (77.3065%) - 117268 ms
Processing event #3150001 of 4010010 (78.5534%) - 116827 ms
Processing event #3200001 of 4010010 (79.8003%) - 116443 ms
Processing event #3250001 of 4010010 (81.0472%) - 118608 ms
Processing event #3300001 of 4010010 (82.2941%) - 118527 ms
Processing event #3350001 of 4010010 (83.5409%) - 118207 ms
Processing event #3400001 of 4010010 (84.7878%) - 119052 ms
Processing event #3450001 of 4010010 (86.0347%) - 117732 ms
Processing event #3500001 of 4010010 (87.2816%) - 119021 ms
Processing event #3550001 of 4010010 (88.5285%) - 120059 ms
Processing event #3600001 of 4010010 (89.7753%) - 118399 ms
Processing event #3650001 of 4010010 (91.0222%) - 120058 ms
Processing event #3700001 of 4010010 (92.2691%) - 119367 ms
Processing event #3750001 of 4010010 (93.516%) - 120515 ms
Processing event #3800001 of 4010010 (94.7629%) - 121984 ms
Processing event #3850001 of 4010010 (96.0097%) - 123647 ms
Processing event #3900001 of 4010010 (97.2566%) - 122300 ms
Processing event #3950001 of 4010010 (98.5035%) - 124407 ms
Processing event #4000001 of 4010010 (99.7504%) - 125342 ms

Absolute efficiency : related to initial number of event =  4010010
Efficiency for photon/jet cut: [31m99.1536%[m
Selection efficiency for trigger selection: [31m98.0547%[m
Efficiency for Δφ cut: [31m87.1875%[m
Efficiency for pixel seed veto cut: [31m84.2578%[m
Efficiency for muons cut: [31m78.8137%[m
Efficiency for electrons cut: [31m77.0762%[m
Efficiency for pT(j1) cut: [31m77.0747%[m
Efficiency for α cut: [31m24.0021%[m
Selection efficiency: [31m19.532%[m

Relative efficiency --- Initial events : 4010010
Efficiency for photon/jet cut: [31m99.1536%[m
Selection efficiency for trigger selection: [31m98.8917%[m
Efficiency for Δφ cut: [31m88.9173%[m
Efficiency for pixel seed veto cut: [31m96.6397%[m
Efficiency for muons cut: [31m93.5388%[m
Efficiency for electrons cut: [31m97.7955%[m
Efficiency for pT(j1) cut: [31m99.998%[m
Efficiency for α cut: [31m31.1414%[m
Selection efficiency: [31m81.3763%[m
 Entries degli isto senza passedID -->    3090703
 Entries degli isto con passedID -->    783237
