Sender: LSF System <lsfadmin@cmsrm-wn124>
Subject: Job 607938: <source /cmshome/fpreiato/GammaJet/CMSSW_7_5_3/src/JetMETCorrections/GammaJetFilter/analysis/tuples/GJET_MC/GJet_alphacut030.src> Done

Job <source /cmshome/fpreiato/GammaJet/CMSSW_7_5_3/src/JetMETCorrections/GammaJetFilter/analysis/tuples/GJET_MC/GJet_alphacut030.src> was submitted from host <cmsrm-ui04> by user <fpreiato> in cluster <t2rm>.
Job was executed on host(s) <cmsrm-wn124>, in queue <cmslong>, as user <fpreiato> in cluster <t2rm>.
</cmshome/fpreiato> was used as the home directory.
</cmshome/fpreiato/GammaJet/CMSSW_7_5_3/src/JetMETCorrections/GammaJetFilter/analysis/tuples/GJET_MC> was used as the working directory.
Started at Fri Sep 25 16:50:59 2015
Results reported at Fri Sep 25 18:43:54 2015

Your job looked like:

------------------------------------------------------------
# LSBATCH: User input
source /cmshome/fpreiato/GammaJet/CMSSW_7_5_3/src/JetMETCorrections/GammaJetFilter/analysis/tuples/GJET_MC/GJet_alphacut030.src
------------------------------------------------------------

Successfully completed.

Resource usage summary:

    CPU time   :   6182.58 sec.
    Max Memory :      1088 MB
    Max Swap   :      1356 MB

    Max Processes  :         3
    Max Threads    :         4

The output (if any) follows:

Parsing triggers_mc.xml ...
done.
triggers mapping:
Pt range: [40, 8000]
.* -> 1
Opening files ...
done.

##########
# [34mRunning on [31mMC[m
##########

Processing...
Processing event #1 of 4010010 (0%) - 0 ms
Processing event #50001 of 4010010 (1.24688%) - 75947 ms
Processing event #100001 of 4010010 (2.49376%) - 83773 ms
Processing event #150001 of 4010010 (3.74064%) - 89762 ms
Processing event #200001 of 4010010 (4.98752%) - 91187 ms
Processing event #250001 of 4010010 (6.2344%) - 92513 ms
Processing event #300001 of 4010010 (7.48128%) - 96725 ms
Processing event #350001 of 4010010 (8.72816%) - 79209 ms
Processing event #400001 of 4010010 (9.97504%) - 78064 ms
Processing event #450001 of 4010010 (11.2219%) - 79208 ms
Processing event #500001 of 4010010 (12.4688%) - 83389 ms
Processing event #550001 of 4010010 (13.7157%) - 79603 ms
Processing event #600001 of 4010010 (14.9626%) - 77861 ms
Processing event #650001 of 4010010 (16.2094%) - 76558 ms
Processing event #700001 of 4010010 (17.4563%) - 77133 ms
Processing event #750001 of 4010010 (18.7032%) - 77325 ms
Processing event #800001 of 4010010 (19.9501%) - 75402 ms
Processing event #850001 of 4010010 (21.197%) - 77565 ms
Processing event #900001 of 4010010 (22.4438%) - 78666 ms
Processing event #950001 of 4010010 (23.6907%) - 79685 ms
Processing event #1000001 of 4010010 (24.9376%) - 79163 ms
Processing event #1050001 of 4010010 (26.1845%) - 77781 ms
Processing event #1100001 of 4010010 (27.4314%) - 77426 ms
Processing event #1150001 of 4010010 (28.6782%) - 75114 ms
Processing event #1200001 of 4010010 (29.9251%) - 76030 ms
Processing event #1250001 of 4010010 (31.172%) - 75189 ms
Processing event #1300001 of 4010010 (32.4189%) - 75937 ms
Processing event #1350001 of 4010010 (33.6658%) - 74417 ms
Processing event #1400001 of 4010010 (34.9126%) - 74899 ms
Processing event #1450001 of 4010010 (36.1595%) - 75353 ms
Processing event #1500001 of 4010010 (37.4064%) - 76179 ms
Processing event #1550001 of 4010010 (38.6533%) - 79922 ms
Processing event #1600001 of 4010010 (39.9002%) - 77915 ms
Processing event #1650001 of 4010010 (41.147%) - 78124 ms
Processing event #1700001 of 4010010 (42.3939%) - 79356 ms
Processing event #1750001 of 4010010 (43.6408%) - 76847 ms
Processing event #1800001 of 4010010 (44.8877%) - 79571 ms
Processing event #1850001 of 4010010 (46.1345%) - 88880 ms
Processing event #1900001 of 4010010 (47.3814%) - 82589 ms
Processing event #1950001 of 4010010 (48.6283%) - 82182 ms
Processing event #2000001 of 4010010 (49.8752%) - 82386 ms
Processing event #2050001 of 4010010 (51.1221%) - 84201 ms
Processing event #2100001 of 4010010 (52.3689%) - 84748 ms
Processing event #2150001 of 4010010 (53.6158%) - 85364 ms
Processing event #2200001 of 4010010 (54.8627%) - 80533 ms
Processing event #2250001 of 4010010 (56.1096%) - 82364 ms
Processing event #2300001 of 4010010 (57.3565%) - 82396 ms
Processing event #2350001 of 4010010 (58.6033%) - 83126 ms
Processing event #2400001 of 4010010 (59.8502%) - 84829 ms
Processing event #2450001 of 4010010 (61.0971%) - 89242 ms
Processing event #2500001 of 4010010 (62.344%) - 84718 ms
Processing event #2550001 of 4010010 (63.5909%) - 83577 ms
Processing event #2600001 of 4010010 (64.8377%) - 82426 ms
Processing event #2650001 of 4010010 (66.0846%) - 83340 ms
Processing event #2700001 of 4010010 (67.3315%) - 84118 ms
Processing event #2750001 of 4010010 (68.5784%) - 91171 ms
Processing event #2800001 of 4010010 (69.8253%) - 94964 ms
Processing event #2850001 of 4010010 (71.0721%) - 83828 ms
Processing event #2900001 of 4010010 (72.319%) - 88929 ms
Processing event #2950001 of 4010010 (73.5659%) - 85515 ms
Processing event #3000001 of 4010010 (74.8128%) - 88552 ms
Processing event #3050001 of 4010010 (76.0597%) - 94948 ms
Processing event #3100001 of 4010010 (77.3065%) - 87967 ms
Processing event #3150001 of 4010010 (78.5534%) - 84213 ms
Processing event #3200001 of 4010010 (79.8003%) - 89552 ms
Processing event #3250001 of 4010010 (81.0472%) - 88761 ms
Processing event #3300001 of 4010010 (82.2941%) - 89464 ms
Processing event #3350001 of 4010010 (83.5409%) - 91928 ms
Processing event #3400001 of 4010010 (84.7878%) - 89599 ms
Processing event #3450001 of 4010010 (86.0347%) - 87454 ms
Processing event #3500001 of 4010010 (87.2816%) - 91179 ms
Processing event #3550001 of 4010010 (88.5285%) - 87834 ms
Processing event #3600001 of 4010010 (89.7753%) - 89618 ms
Processing event #3650001 of 4010010 (91.0222%) - 90414 ms
Processing event #3700001 of 4010010 (92.2691%) - 95634 ms
Processing event #3750001 of 4010010 (93.516%) - 94172 ms
Processing event #3800001 of 4010010 (94.7629%) - 98387 ms
Processing event #3850001 of 4010010 (96.0097%) - 92439 ms
Processing event #3900001 of 4010010 (97.2566%) - 90471 ms
Processing event #3950001 of 4010010 (98.5035%) - 97393 ms
Processing event #4000001 of 4010010 (99.7504%) - 90608 ms

Absolute efficiency : related to initial number of event =  4010010
Efficiency for photon/jet cut: [31m99.1536%[m
Selection efficiency for trigger selection: [31m98.0547%[m
Efficiency for Δφ cut: [31m87.1875%[m
Efficiency for pixel seed veto cut: [31m84.2578%[m
Efficiency for muons cut: [31m78.8137%[m
Efficiency for electrons cut: [31m77.0762%[m
Efficiency for pT(j1) cut: [31m77.0747%[m
Efficiency for α cut: [31m67.5853%[m
Selection efficiency: [31m66.8226%[m

Relative efficiency --- Initial events : 4010010
Efficiency for photon/jet cut: [31m99.1536%[m
Selection efficiency for trigger selection: [31m98.8917%[m
Efficiency for Δφ cut: [31m88.9173%[m
Efficiency for pixel seed veto cut: [31m96.6397%[m
Efficiency for muons cut: [31m93.5388%[m
Efficiency for electrons cut: [31m97.7955%[m
Efficiency for pT(j1) cut: [31m99.998%[m
Efficiency for α cut: [31m87.688%[m
Selection efficiency: [31m98.8715%[m
 passedJetPtCut -> Entries degli isto senza passedID -->    3090703
 passedEvents -> Entries degli isto con passedID -->    2679592
Warning in <Fit>: Fit data is empty 
Warning in <Fit>: Fit data is empty 
Warning in <Fit>: Fit data is empty 
Warning in <ROOT::Fit::FillData>: fit range is outside histogram range, no fit data for xaxis
Warning in <Fit>: Fit data is empty 
Warning in <ROOT::Fit::FillData>: fit range is outside histogram range, no fit data for xaxis
Warning in <Fit>: Fit data is empty 
Warning in <ROOT::Fit::FillData>: fit range is outside histogram range, no fit data for xaxis
Warning in <Fit>: Fit data is empty 
Warning in <Fit>: Fit data is empty 
Warning in <Fit>: Fit data is empty 
Warning in <Fit>: Fit data is empty 
Warning in <Fit>: Fit data is empty 
Warning in <Fit>: Fit data is empty 
Warning in <Fit>: Fit data is empty 
Warning in <Fit>: Fit data is empty 
Warning in <Fit>: Fit data is empty 
Warning in <Fit>: Fit data is empty 
Warning in <Fit>: Fit data is empty 
Warning in <Fit>: Fit data is empty 
Warning in <Fit>: Fit data is empty 
Warning in <Fit>: Fit data is empty 
Warning in <Fit>: Fit data is empty 
Warning in <Fit>: Fit data is empty 
Warning in <Fit>: Fit data is empty 
Warning in <Fit>: Fit data is empty 
Warning in <Fit>: Fit data is empty 
Warning in <Fit>: Fit data is empty 
Warning in <Fit>: Fit data is empty 
Warning in <Fit>: Fit data is empty 
Warning in <Fit>: Fit data is empty 
