Sender: LSF System <lsfadmin@cmsrm-wn141>
Subject: Job 663044: <source /cmshome/fpreiato/GammaJet/CMSSW_7_5_3/src/JetMETCorrections/GammaJetFilter/analysis/tuples/GJET_MC/GJet_alphacut010.src> Done

Job <source /cmshome/fpreiato/GammaJet/CMSSW_7_5_3/src/JetMETCorrections/GammaJetFilter/analysis/tuples/GJET_MC/GJet_alphacut010.src> was submitted from host <cmsrm-ui04> by user <fpreiato> in cluster <t2rm>.
Job was executed on host(s) <cmsrm-wn141>, in queue <cmslong>, as user <fpreiato> in cluster <t2rm>.
</cmshome/fpreiato> was used as the home directory.
</cmshome/fpreiato/GammaJet/CMSSW_7_5_3/src/JetMETCorrections/GammaJetFilter/analysis/tuples/GJET_MC> was used as the working directory.
Started at Tue Sep 29 13:02:26 2015
Results reported at Tue Sep 29 15:03:20 2015

Your job looked like:

------------------------------------------------------------
# LSBATCH: User input
source /cmshome/fpreiato/GammaJet/CMSSW_7_5_3/src/JetMETCorrections/GammaJetFilter/analysis/tuples/GJET_MC/GJet_alphacut010.src
------------------------------------------------------------

Successfully completed.

Resource usage summary:

    CPU time   :   6546.81 sec.
    Max Memory :       991 MB
    Max Swap   :      1221 MB

    Max Processes  :         3
    Max Threads    :         4

The output (if any) follows:

Parsing triggers_mc.xml ...
done.
triggers mapping:
Pt range: [40, 8000]
.* -> 1
Opening files ...
done.

##########
# [34mRunning on [31mMC[m
##########

Processing...
Processing event #1 of 4010010 (0%) - 0 ms
Processing event #50001 of 4010010 (1.24688%) - 61013 ms
Processing event #100001 of 4010010 (2.49376%) - 60622 ms
Processing event #150001 of 4010010 (3.74064%) - 58192 ms
Processing event #200001 of 4010010 (4.98752%) - 57903 ms
Processing event #250001 of 4010010 (6.2344%) - 60466 ms
Processing event #300001 of 4010010 (7.48128%) - 59077 ms
Processing event #350001 of 4010010 (8.72816%) - 62323 ms
Processing event #400001 of 4010010 (9.97504%) - 62254 ms
Processing event #450001 of 4010010 (11.2219%) - 62286 ms
Processing event #500001 of 4010010 (12.4688%) - 60730 ms
Processing event #550001 of 4010010 (13.7157%) - 61165 ms
Processing event #600001 of 4010010 (14.9626%) - 65495 ms
Processing event #650001 of 4010010 (16.2094%) - 62120 ms
Processing event #700001 of 4010010 (17.4563%) - 60216 ms
Processing event #750001 of 4010010 (18.7032%) - 61654 ms
Processing event #800001 of 4010010 (19.9501%) - 61840 ms
Processing event #850001 of 4010010 (21.197%) - 65097 ms
Processing event #900001 of 4010010 (22.4438%) - 64984 ms
Processing event #950001 of 4010010 (23.6907%) - 59925 ms
Processing event #1000001 of 4010010 (24.9376%) - 63656 ms
Processing event #1050001 of 4010010 (26.1845%) - 72537 ms
Processing event #1100001 of 4010010 (27.4314%) - 86258 ms
Processing event #1150001 of 4010010 (28.6782%) - 81170 ms
Processing event #1200001 of 4010010 (29.9251%) - 66079 ms
Processing event #1250001 of 4010010 (31.172%) - 89162 ms
Processing event #1300001 of 4010010 (32.4189%) - 86400 ms
Processing event #1350001 of 4010010 (33.6658%) - 82334 ms
Processing event #1400001 of 4010010 (34.9126%) - 88999 ms
Processing event #1450001 of 4010010 (36.1595%) - 90901 ms
Processing event #1500001 of 4010010 (37.4064%) - 88583 ms
Processing event #1550001 of 4010010 (38.6533%) - 92232 ms
Processing event #1600001 of 4010010 (39.9002%) - 92406 ms
Processing event #1650001 of 4010010 (41.147%) - 92578 ms
Processing event #1700001 of 4010010 (42.3939%) - 93525 ms
Processing event #1750001 of 4010010 (43.6408%) - 94305 ms
Processing event #1800001 of 4010010 (44.8877%) - 93591 ms
Processing event #1850001 of 4010010 (46.1345%) - 96592 ms
Processing event #1900001 of 4010010 (47.3814%) - 96630 ms
Processing event #1950001 of 4010010 (48.6283%) - 97322 ms
Processing event #2000001 of 4010010 (49.8752%) - 97611 ms
Processing event #2050001 of 4010010 (51.1221%) - 97049 ms
Processing event #2100001 of 4010010 (52.3689%) - 97742 ms
Processing event #2150001 of 4010010 (53.6158%) - 103564 ms
Processing event #2200001 of 4010010 (54.8627%) - 98427 ms
Processing event #2250001 of 4010010 (56.1096%) - 97315 ms
Processing event #2300001 of 4010010 (57.3565%) - 98607 ms
Processing event #2350001 of 4010010 (58.6033%) - 97722 ms
Processing event #2400001 of 4010010 (59.8502%) - 96724 ms
Processing event #2450001 of 4010010 (61.0971%) - 98258 ms
Processing event #2500001 of 4010010 (62.344%) - 99553 ms
Processing event #2550001 of 4010010 (63.5909%) - 99960 ms
Processing event #2600001 of 4010010 (64.8377%) - 101330 ms
Processing event #2650001 of 4010010 (66.0846%) - 99562 ms
Processing event #2700001 of 4010010 (67.3315%) - 103671 ms
Processing event #2750001 of 4010010 (68.5784%) - 109447 ms
Processing event #2800001 of 4010010 (69.8253%) - 100331 ms
Processing event #2850001 of 4010010 (71.0721%) - 102462 ms
Processing event #2900001 of 4010010 (72.319%) - 101856 ms
Processing event #2950001 of 4010010 (73.5659%) - 105774 ms
Processing event #3000001 of 4010010 (74.8128%) - 109280 ms
Processing event #3050001 of 4010010 (76.0597%) - 104057 ms
Processing event #3100001 of 4010010 (77.3065%) - 101538 ms
Processing event #3150001 of 4010010 (78.5534%) - 103369 ms
Processing event #3200001 of 4010010 (79.8003%) - 110796 ms
Processing event #3250001 of 4010010 (81.0472%) - 102067 ms
Processing event #3300001 of 4010010 (82.2941%) - 111879 ms
Processing event #3350001 of 4010010 (83.5409%) - 105461 ms
Processing event #3400001 of 4010010 (84.7878%) - 105925 ms
Processing event #3450001 of 4010010 (86.0347%) - 108221 ms
Processing event #3500001 of 4010010 (87.2816%) - 107112 ms
Processing event #3550001 of 4010010 (88.5285%) - 103973 ms
Processing event #3600001 of 4010010 (89.7753%) - 110635 ms
Processing event #3650001 of 4010010 (91.0222%) - 113412 ms
Processing event #3700001 of 4010010 (92.2691%) - 107650 ms
Processing event #3750001 of 4010010 (93.516%) - 121528 ms
Processing event #3800001 of 4010010 (94.7629%) - 108184 ms
Processing event #3850001 of 4010010 (96.0097%) - 103586 ms
Processing event #3900001 of 4010010 (97.2566%) - 109244 ms
Processing event #3950001 of 4010010 (98.5035%) - 114533 ms
Processing event #4000001 of 4010010 (99.7504%) - 108514 ms

Absolute efficiency : related to initial number of event =  4010010
Efficiency for photon/jet cut: [31m99.1536%[m
Selection efficiency for trigger selection: [31m98.0547%[m
Efficiency for Δφ cut: [31m87.1875%[m
Efficiency for pixel seed veto cut: [31m84.2578%[m
Efficiency for muons cut: [31m78.8137%[m
Efficiency for electrons cut: [31m77.0762%[m
Efficiency for pT(j1) cut: [31m77.0747%[m
Efficiency for α cut: [31m39.5201%[m
Selection efficiency: [31m32.8149%[m

Relative efficiency --- Initial events : 4010010
Efficiency for photon/jet cut: [31m99.1536%[m
Selection efficiency for trigger selection: [31m98.8917%[m
Efficiency for Δφ cut: [31m88.9173%[m
Efficiency for pixel seed veto cut: [31m96.6397%[m
Efficiency for muons cut: [31m93.5388%[m
Efficiency for electrons cut: [31m97.7955%[m
Efficiency for pT(j1) cut: [31m99.998%[m
Efficiency for α cut: [31m51.275%[m
Selection efficiency: [31m83.0334%[m
 Entries degli isto senza passedID -->    3090703
 Entries degli isto con passedID -->    1315879
Warning in <Fit>: Fit data is empty 
Warning in <Fit>: Fit data is empty 
