Sender: LSF System <lsfadmin@cmsrm-wn101>
Subject: Job 663048: <source /cmshome/fpreiato/GammaJet/CMSSW_7_5_3/src/JetMETCorrections/GammaJetFilter/analysis/tuples/GJET_MC/GJet_alphacut030.src> Done

Job <source /cmshome/fpreiato/GammaJet/CMSSW_7_5_3/src/JetMETCorrections/GammaJetFilter/analysis/tuples/GJET_MC/GJet_alphacut030.src> was submitted from host <cmsrm-ui04> by user <fpreiato> in cluster <t2rm>.
Job was executed on host(s) <cmsrm-wn101>, in queue <cmslong>, as user <fpreiato> in cluster <t2rm>.
</cmshome/fpreiato> was used as the home directory.
</cmshome/fpreiato/GammaJet/CMSSW_7_5_3/src/JetMETCorrections/GammaJetFilter/analysis/tuples/GJET_MC> was used as the working directory.
Started at Tue Sep 29 13:02:26 2015
Results reported at Tue Sep 29 15:24:46 2015

Your job looked like:

------------------------------------------------------------
# LSBATCH: User input
source /cmshome/fpreiato/GammaJet/CMSSW_7_5_3/src/JetMETCorrections/GammaJetFilter/analysis/tuples/GJET_MC/GJet_alphacut030.src
------------------------------------------------------------

Successfully completed.

Resource usage summary:

    CPU time   :   7678.68 sec.
    Max Memory :      1142 MB
    Max Swap   :      1363 MB

    Max Processes  :         3
    Max Threads    :         4

The output (if any) follows:

Parsing triggers_mc.xml ...
done.
triggers mapping:
Pt range: [40, 8000]
.* -> 1
Opening files ...
done.

##########
# [34mRunning on [31mMC[m
##########

Processing...
Processing event #1 of 4010010 (0%) - 0 ms
Processing event #50001 of 4010010 (1.24688%) - 78802 ms
Processing event #100001 of 4010010 (2.49376%) - 79004 ms
Processing event #150001 of 4010010 (3.74064%) - 81624 ms
Processing event #200001 of 4010010 (4.98752%) - 88663 ms
Processing event #250001 of 4010010 (6.2344%) - 82245 ms
Processing event #300001 of 4010010 (7.48128%) - 82819 ms
Processing event #350001 of 4010010 (8.72816%) - 82093 ms
Processing event #400001 of 4010010 (9.97504%) - 79933 ms
Processing event #450001 of 4010010 (11.2219%) - 79457 ms
Processing event #500001 of 4010010 (12.4688%) - 81271 ms
Processing event #550001 of 4010010 (13.7157%) - 83077 ms
Processing event #600001 of 4010010 (14.9626%) - 90469 ms
Processing event #650001 of 4010010 (16.2094%) - 93222 ms
Processing event #700001 of 4010010 (17.4563%) - 103991 ms
Processing event #750001 of 4010010 (18.7032%) - 97052 ms
Processing event #800001 of 4010010 (19.9501%) - 96896 ms
Processing event #850001 of 4010010 (21.197%) - 97621 ms
Processing event #900001 of 4010010 (22.4438%) - 105420 ms
Processing event #950001 of 4010010 (23.6907%) - 98997 ms
Processing event #1000001 of 4010010 (24.9376%) - 99346 ms
Processing event #1050001 of 4010010 (26.1845%) - 99171 ms
Processing event #1100001 of 4010010 (27.4314%) - 108378 ms
Processing event #1150001 of 4010010 (28.6782%) - 99147 ms
Processing event #1200001 of 4010010 (29.9251%) - 101563 ms
Processing event #1250001 of 4010010 (31.172%) - 99188 ms
Processing event #1300001 of 4010010 (32.4189%) - 102146 ms
Processing event #1350001 of 4010010 (33.6658%) - 106715 ms
Processing event #1400001 of 4010010 (34.9126%) - 102225 ms
Processing event #1450001 of 4010010 (36.1595%) - 101514 ms
Processing event #1500001 of 4010010 (37.4064%) - 104529 ms
Processing event #1550001 of 4010010 (38.6533%) - 106933 ms
Processing event #1600001 of 4010010 (39.9002%) - 102605 ms
Processing event #1650001 of 4010010 (41.147%) - 103161 ms
Processing event #1700001 of 4010010 (42.3939%) - 104193 ms
Processing event #1750001 of 4010010 (43.6408%) - 107745 ms
Processing event #1800001 of 4010010 (44.8877%) - 103522 ms
Processing event #1850001 of 4010010 (46.1345%) - 109949 ms
Processing event #1900001 of 4010010 (47.3814%) - 108206 ms
Processing event #1950001 of 4010010 (48.6283%) - 107489 ms
Processing event #2000001 of 4010010 (49.8752%) - 105381 ms
Processing event #2050001 of 4010010 (51.1221%) - 111435 ms
Processing event #2100001 of 4010010 (52.3689%) - 106160 ms
Processing event #2150001 of 4010010 (53.6158%) - 112993 ms
Processing event #2200001 of 4010010 (54.8627%) - 116167 ms
Processing event #2250001 of 4010010 (56.1096%) - 112403 ms
Processing event #2300001 of 4010010 (57.3565%) - 109589 ms
Processing event #2350001 of 4010010 (58.6033%) - 107731 ms
Processing event #2400001 of 4010010 (59.8502%) - 117785 ms
Processing event #2450001 of 4010010 (61.0971%) - 110006 ms
Processing event #2500001 of 4010010 (62.344%) - 108098 ms
Processing event #2550001 of 4010010 (63.5909%) - 110187 ms
Processing event #2600001 of 4010010 (64.8377%) - 116774 ms
Processing event #2650001 of 4010010 (66.0846%) - 110215 ms
Processing event #2700001 of 4010010 (67.3315%) - 110855 ms
Processing event #2750001 of 4010010 (68.5784%) - 110751 ms
Processing event #2800001 of 4010010 (69.8253%) - 117547 ms
Processing event #2850001 of 4010010 (71.0721%) - 111864 ms
Processing event #2900001 of 4010010 (72.319%) - 110001 ms
Processing event #2950001 of 4010010 (73.5659%) - 113019 ms
Processing event #3000001 of 4010010 (74.8128%) - 120593 ms
Processing event #3050001 of 4010010 (76.0597%) - 111591 ms
Processing event #3100001 of 4010010 (77.3065%) - 112899 ms
Processing event #3150001 of 4010010 (78.5534%) - 122563 ms
Processing event #3200001 of 4010010 (79.8003%) - 119649 ms
Processing event #3250001 of 4010010 (81.0472%) - 113094 ms
Processing event #3300001 of 4010010 (82.2941%) - 117019 ms
Processing event #3350001 of 4010010 (83.5409%) - 123159 ms
Processing event #3400001 of 4010010 (84.7878%) - 115003 ms
Processing event #3450001 of 4010010 (86.0347%) - 122832 ms
Processing event #3500001 of 4010010 (87.2816%) - 118943 ms
Processing event #3550001 of 4010010 (88.5285%) - 117640 ms
Processing event #3600001 of 4010010 (89.7753%) - 122989 ms
Processing event #3650001 of 4010010 (91.0222%) - 115135 ms
Processing event #3700001 of 4010010 (92.2691%) - 116157 ms
Processing event #3750001 of 4010010 (93.516%) - 120084 ms
Processing event #3800001 of 4010010 (94.7629%) - 119644 ms
Processing event #3850001 of 4010010 (96.0097%) - 117099 ms
Processing event #3900001 of 4010010 (97.2566%) - 116646 ms
Processing event #3950001 of 4010010 (98.5035%) - 123334 ms
Processing event #4000001 of 4010010 (99.7504%) - 118996 ms

Absolute efficiency : related to initial number of event =  4010010
Efficiency for photon/jet cut: [31m99.1536%[m
Selection efficiency for trigger selection: [31m98.0547%[m
Efficiency for Δφ cut: [31m87.1875%[m
Efficiency for pixel seed veto cut: [31m84.2578%[m
Efficiency for muons cut: [31m78.8137%[m
Efficiency for electrons cut: [31m77.0762%[m
Efficiency for pT(j1) cut: [31m77.0747%[m
Efficiency for α cut: [31m67.5853%[m
Selection efficiency: [31m57.9755%[m

Relative efficiency --- Initial events : 4010010
Efficiency for photon/jet cut: [31m99.1536%[m
Selection efficiency for trigger selection: [31m98.8917%[m
Efficiency for Δφ cut: [31m88.9173%[m
Efficiency for pixel seed veto cut: [31m96.6397%[m
Efficiency for muons cut: [31m93.5388%[m
Efficiency for electrons cut: [31m97.7955%[m
Efficiency for pT(j1) cut: [31m99.998%[m
Efficiency for α cut: [31m87.688%[m
Selection efficiency: [31m85.7813%[m
 Entries degli isto senza passedID -->    3090703
 Entries degli isto con passedID -->    2324823
Warning in <Fit>: Fit data is empty 
Warning in <Fit>: Fit data is empty 
Warning in <Fit>: Fit data is empty 
Warning in <Fit>: Fit data is empty 
Warning in <Fit>: Fit data is empty 
Warning in <Fit>: Fit data is empty 
Warning in <Fit>: Fit data is empty 
Warning in <ROOT::Fit::FillData>: fit range is outside histogram range, no fit data for xaxis
Warning in <Fit>: Fit data is empty 
Warning in <ROOT::Fit::FillData>: fit range is outside histogram range, no fit data for xaxis
Warning in <Fit>: Fit data is empty 
Warning in <ROOT::Fit::FillData>: fit range is outside histogram range, no fit data for xaxis
Warning in <Fit>: Fit data is empty 
Warning in <Fit>: Fit data is empty 
Warning in <Fit>: Fit data is empty 
Warning in <Fit>: Fit data is empty 
Warning in <Fit>: Fit data is empty 
Warning in <Fit>: Fit data is empty 
Warning in <Fit>: Fit data is empty 
Warning in <Fit>: Fit data is empty 
Warning in <Fit>: Fit data is empty 
Warning in <Fit>: Fit data is empty 
Warning in <Fit>: Fit data is empty 
Warning in <Fit>: Fit data is empty 
Warning in <Fit>: Fit data is empty 
Warning in <Fit>: Fit data is empty 
Warning in <Fit>: Fit data is empty 
Warning in <Fit>: Fit data is empty 
Warning in <Fit>: Fit data is empty 
Warning in <Fit>: Fit data is empty 
Warning in <Fit>: Fit data is empty 
Warning in <Fit>: Fit data is empty 
Warning in <Fit>: Fit data is empty 
Warning in <Fit>: Fit data is empty 
Warning in <Fit>: Fit data is empty 
Warning in <Fit>: Fit data is empty 
Warning in <Fit>: Fit data is empty 
Warning in <Fit>: Fit data is empty 
Warning in <Fit>: Fit data is empty 
Warning in <Fit>: Fit data is empty 
Warning in <Fit>: Fit data is empty 
