Sender: LSF System <lsfadmin@cmsrm-wn130>
Subject: Job 607934: <source /cmshome/fpreiato/GammaJet/CMSSW_7_5_3/src/JetMETCorrections/GammaJetFilter/analysis/tuples/GJET_MC/GJet_alphacut010.src> Done

Job <source /cmshome/fpreiato/GammaJet/CMSSW_7_5_3/src/JetMETCorrections/GammaJetFilter/analysis/tuples/GJET_MC/GJet_alphacut010.src> was submitted from host <cmsrm-ui04> by user <fpreiato> in cluster <t2rm>.
Job was executed on host(s) <cmsrm-wn130>, in queue <cmslong>, as user <fpreiato> in cluster <t2rm>.
</cmshome/fpreiato> was used as the home directory.
</cmshome/fpreiato/GammaJet/CMSSW_7_5_3/src/JetMETCorrections/GammaJetFilter/analysis/tuples/GJET_MC> was used as the working directory.
Started at Fri Sep 25 16:50:59 2015
Results reported at Fri Sep 25 19:17:07 2015

Your job looked like:

------------------------------------------------------------
# LSBATCH: User input
source /cmshome/fpreiato/GammaJet/CMSSW_7_5_3/src/JetMETCorrections/GammaJetFilter/analysis/tuples/GJET_MC/GJet_alphacut010.src
------------------------------------------------------------

Successfully completed.

Resource usage summary:

    CPU time   :   8234.14 sec.
    Max Memory :      1051 MB
    Max Swap   :      1323 MB

    Max Processes  :         3
    Max Threads    :         4

The output (if any) follows:

Parsing triggers_mc.xml ...
done.
triggers mapping:
Pt range: [40, 8000]
.* -> 1
Opening files ...
done.

##########
# [34mRunning on [31mMC[m
##########

Processing...
Processing event #1 of 4010010 (0%) - 0 ms
Processing event #50001 of 4010010 (1.24688%) - 94691 ms
Processing event #100001 of 4010010 (2.49376%) - 96450 ms
Processing event #150001 of 4010010 (3.74064%) - 99933 ms
Processing event #200001 of 4010010 (4.98752%) - 107016 ms
Processing event #250001 of 4010010 (6.2344%) - 104172 ms
Processing event #300001 of 4010010 (7.48128%) - 98790 ms
Processing event #350001 of 4010010 (8.72816%) - 98289 ms
Processing event #400001 of 4010010 (9.97504%) - 98052 ms
Processing event #450001 of 4010010 (11.2219%) - 92565 ms
Processing event #500001 of 4010010 (12.4688%) - 93518 ms
Processing event #550001 of 4010010 (13.7157%) - 91108 ms
Processing event #600001 of 4010010 (14.9626%) - 91000 ms
Processing event #650001 of 4010010 (16.2094%) - 88121 ms
Processing event #700001 of 4010010 (17.4563%) - 88426 ms
Processing event #750001 of 4010010 (18.7032%) - 89282 ms
Processing event #800001 of 4010010 (19.9501%) - 90913 ms
Processing event #850001 of 4010010 (21.197%) - 93054 ms
Processing event #900001 of 4010010 (22.4438%) - 90392 ms
Processing event #950001 of 4010010 (23.6907%) - 89560 ms
Processing event #1000001 of 4010010 (24.9376%) - 89259 ms
Processing event #1050001 of 4010010 (26.1845%) - 91554 ms
Processing event #1100001 of 4010010 (27.4314%) - 92358 ms
Processing event #1150001 of 4010010 (28.6782%) - 89132 ms
Processing event #1200001 of 4010010 (29.9251%) - 84358 ms
Processing event #1250001 of 4010010 (31.172%) - 83543 ms
Processing event #1300001 of 4010010 (32.4189%) - 84709 ms
Processing event #1350001 of 4010010 (33.6658%) - 86287 ms
Processing event #1400001 of 4010010 (34.9126%) - 84280 ms
Processing event #1450001 of 4010010 (36.1595%) - 83267 ms
Processing event #1500001 of 4010010 (37.4064%) - 86397 ms
Processing event #1550001 of 4010010 (38.6533%) - 84406 ms
Processing event #1600001 of 4010010 (39.9002%) - 89567 ms
Processing event #1650001 of 4010010 (41.147%) - 90384 ms
Processing event #1700001 of 4010010 (42.3939%) - 90197 ms
Processing event #1750001 of 4010010 (43.6408%) - 90941 ms
Processing event #1800001 of 4010010 (44.8877%) - 92858 ms
Processing event #1850001 of 4010010 (46.1345%) - 96620 ms
Processing event #1900001 of 4010010 (47.3814%) - 110344 ms
Processing event #1950001 of 4010010 (48.6283%) - 112812 ms
Processing event #2000001 of 4010010 (49.8752%) - 114466 ms
Processing event #2050001 of 4010010 (51.1221%) - 113952 ms
Processing event #2100001 of 4010010 (52.3689%) - 116767 ms
Processing event #2150001 of 4010010 (53.6158%) - 116621 ms
Processing event #2200001 of 4010010 (54.8627%) - 114673 ms
Processing event #2250001 of 4010010 (56.1096%) - 114913 ms
Processing event #2300001 of 4010010 (57.3565%) - 117941 ms
Processing event #2350001 of 4010010 (58.6033%) - 116971 ms
Processing event #2400001 of 4010010 (59.8502%) - 115938 ms
Processing event #2450001 of 4010010 (61.0971%) - 113767 ms
Processing event #2500001 of 4010010 (62.344%) - 113728 ms
Processing event #2550001 of 4010010 (63.5909%) - 118199 ms
Processing event #2600001 of 4010010 (64.8377%) - 117713 ms
Processing event #2650001 of 4010010 (66.0846%) - 120718 ms
Processing event #2700001 of 4010010 (67.3315%) - 115574 ms
Processing event #2750001 of 4010010 (68.5784%) - 116257 ms
Processing event #2800001 of 4010010 (69.8253%) - 125146 ms
Processing event #2850001 of 4010010 (71.0721%) - 120068 ms
Processing event #2900001 of 4010010 (72.319%) - 116620 ms
Processing event #2950001 of 4010010 (73.5659%) - 116656 ms
Processing event #3000001 of 4010010 (74.8128%) - 123924 ms
Processing event #3050001 of 4010010 (76.0597%) - 131554 ms
Processing event #3100001 of 4010010 (77.3065%) - 133371 ms
Processing event #3150001 of 4010010 (78.5534%) - 124680 ms
Processing event #3200001 of 4010010 (79.8003%) - 134791 ms
Processing event #3250001 of 4010010 (81.0472%) - 132139 ms
Processing event #3300001 of 4010010 (82.2941%) - 133242 ms
Processing event #3350001 of 4010010 (83.5409%) - 136968 ms
Processing event #3400001 of 4010010 (84.7878%) - 140385 ms
Processing event #3450001 of 4010010 (86.0347%) - 133892 ms
Processing event #3500001 of 4010010 (87.2816%) - 140383 ms
Processing event #3550001 of 4010010 (88.5285%) - 128235 ms
Processing event #3600001 of 4010010 (89.7753%) - 133838 ms
Processing event #3650001 of 4010010 (91.0222%) - 129972 ms
Processing event #3700001 of 4010010 (92.2691%) - 134334 ms
Processing event #3750001 of 4010010 (93.516%) - 129522 ms
Processing event #3800001 of 4010010 (94.7629%) - 127301 ms
Processing event #3850001 of 4010010 (96.0097%) - 131836 ms
Processing event #3900001 of 4010010 (97.2566%) - 129670 ms
Processing event #3950001 of 4010010 (98.5035%) - 129293 ms
Processing event #4000001 of 4010010 (99.7504%) - 126743 ms

Absolute efficiency : related to initial number of event =  4010010
Efficiency for photon/jet cut: [31m99.1536%[m
Selection efficiency for trigger selection: [31m98.0547%[m
Efficiency for Δφ cut: [31m87.1875%[m
Efficiency for pixel seed veto cut: [31m84.2578%[m
Efficiency for muons cut: [31m78.8137%[m
Efficiency for electrons cut: [31m77.0762%[m
Efficiency for pT(j1) cut: [31m77.0747%[m
Efficiency for α cut: [31m39.5201%[m
Selection efficiency: [31m38.9371%[m

Relative efficiency --- Initial events : 4010010
Efficiency for photon/jet cut: [31m99.1536%[m
Selection efficiency for trigger selection: [31m98.8917%[m
Efficiency for Δφ cut: [31m88.9173%[m
Efficiency for pixel seed veto cut: [31m96.6397%[m
Efficiency for muons cut: [31m93.5388%[m
Efficiency for electrons cut: [31m97.7955%[m
Efficiency for pT(j1) cut: [31m99.998%[m
Efficiency for α cut: [31m51.275%[m
Selection efficiency: [31m98.5249%[m
 passedJetPtCut -> Entries degli isto senza passedID -->    3090703
 passedEvents -> Entries degli isto con passedID -->    1561382
Warning in <Fit>: Fit data is empty 
