Sender: LSF System <lsfadmin@cmsrm-wn121>
Subject: Job 613115: <source /cmshome/fpreiato/GammaJet/CMSSW_7_5_3/src/JetMETCorrections/GammaJetFilter/analysis/tuples/GJET_MC/GJet_alphacut010.src> Done

Job <source /cmshome/fpreiato/GammaJet/CMSSW_7_5_3/src/JetMETCorrections/GammaJetFilter/analysis/tuples/GJET_MC/GJet_alphacut010.src> was submitted from host <cmsrm-ui04> by user <fpreiato> in cluster <t2rm>.
Job was executed on host(s) <cmsrm-wn121>, in queue <cmslong>, as user <fpreiato> in cluster <t2rm>.
</cmshome/fpreiato> was used as the home directory.
</cmshome/fpreiato/GammaJet/CMSSW_7_5_3/src/JetMETCorrections/GammaJetFilter/analysis/tuples/GJET_MC> was used as the working directory.
Started at Sat Sep 26 00:39:39 2015
Results reported at Sat Sep 26 03:20:50 2015

Your job looked like:

------------------------------------------------------------
# LSBATCH: User input
source /cmshome/fpreiato/GammaJet/CMSSW_7_5_3/src/JetMETCorrections/GammaJetFilter/analysis/tuples/GJET_MC/GJet_alphacut010.src
------------------------------------------------------------

Successfully completed.

Resource usage summary:

    CPU time   :   8994.68 sec.
    Max Memory :      1109 MB
    Max Swap   :      1329 MB

    Max Processes  :         3
    Max Threads    :         4

The output (if any) follows:

Parsing triggers_mc.xml ...
done.
triggers mapping:
Pt range: [40, 8000]
.* -> 1
Opening files ...
done.

##########
# [34mRunning on [31mMC[m
##########

Processing...
Processing event #1 of 4010010 (0%) - 0 ms
Processing event #50001 of 4010010 (1.24688%) - 138840 ms
Processing event #100001 of 4010010 (2.49376%) - 138117 ms
Processing event #150001 of 4010010 (3.74064%) - 134194 ms
Processing event #200001 of 4010010 (4.98752%) - 138654 ms
Processing event #250001 of 4010010 (6.2344%) - 139512 ms
Processing event #300001 of 4010010 (7.48128%) - 134710 ms
Processing event #350001 of 4010010 (8.72816%) - 131021 ms
Processing event #400001 of 4010010 (9.97504%) - 142573 ms
Processing event #450001 of 4010010 (11.2219%) - 140528 ms
Processing event #500001 of 4010010 (12.4688%) - 119652 ms
Processing event #550001 of 4010010 (13.7157%) - 132877 ms
Processing event #600001 of 4010010 (14.9626%) - 139012 ms
Processing event #650001 of 4010010 (16.2094%) - 141895 ms
Processing event #700001 of 4010010 (17.4563%) - 139290 ms
Processing event #750001 of 4010010 (18.7032%) - 140591 ms
Processing event #800001 of 4010010 (19.9501%) - 141014 ms
Processing event #850001 of 4010010 (21.197%) - 137884 ms
Processing event #900001 of 4010010 (22.4438%) - 149860 ms
Processing event #950001 of 4010010 (23.6907%) - 144774 ms
Processing event #1000001 of 4010010 (24.9376%) - 146147 ms
Processing event #1050001 of 4010010 (26.1845%) - 140119 ms
Processing event #1100001 of 4010010 (27.4314%) - 140435 ms
Processing event #1150001 of 4010010 (28.6782%) - 133339 ms
Processing event #1200001 of 4010010 (29.9251%) - 135392 ms
Processing event #1250001 of 4010010 (31.172%) - 132411 ms
Processing event #1300001 of 4010010 (32.4189%) - 134802 ms
Processing event #1350001 of 4010010 (33.6658%) - 136400 ms
Processing event #1400001 of 4010010 (34.9126%) - 133717 ms
Processing event #1450001 of 4010010 (36.1595%) - 115345 ms
Processing event #1500001 of 4010010 (37.4064%) - 116409 ms
Processing event #1550001 of 4010010 (38.6533%) - 127036 ms
Processing event #1600001 of 4010010 (39.9002%) - 124962 ms
Processing event #1650001 of 4010010 (41.147%) - 120077 ms
Processing event #1700001 of 4010010 (42.3939%) - 113371 ms
Processing event #1750001 of 4010010 (43.6408%) - 123503 ms
Processing event #1800001 of 4010010 (44.8877%) - 106808 ms
Processing event #1850001 of 4010010 (46.1345%) - 115617 ms
Processing event #1900001 of 4010010 (47.3814%) - 129812 ms
Processing event #1950001 of 4010010 (48.6283%) - 117703 ms
Processing event #2000001 of 4010010 (49.8752%) - 120697 ms
Processing event #2050001 of 4010010 (51.1221%) - 115833 ms
Processing event #2100001 of 4010010 (52.3689%) - 128189 ms
Processing event #2150001 of 4010010 (53.6158%) - 115710 ms
Processing event #2200001 of 4010010 (54.8627%) - 125273 ms
Processing event #2250001 of 4010010 (56.1096%) - 117800 ms
Processing event #2300001 of 4010010 (57.3565%) - 125779 ms
Processing event #2350001 of 4010010 (58.6033%) - 113066 ms
Processing event #2400001 of 4010010 (59.8502%) - 104141 ms
Processing event #2450001 of 4010010 (61.0971%) - 114815 ms
Processing event #2500001 of 4010010 (62.344%) - 113551 ms
Processing event #2550001 of 4010010 (63.5909%) - 111969 ms
Processing event #2600001 of 4010010 (64.8377%) - 114026 ms
Processing event #2650001 of 4010010 (66.0846%) - 116358 ms
Processing event #2700001 of 4010010 (67.3315%) - 104984 ms
Processing event #2750001 of 4010010 (68.5784%) - 108066 ms
Processing event #2800001 of 4010010 (69.8253%) - 95715 ms
Processing event #2850001 of 4010010 (71.0721%) - 113305 ms
Processing event #2900001 of 4010010 (72.319%) - 98273 ms
Processing event #2950001 of 4010010 (73.5659%) - 96980 ms
Processing event #3000001 of 4010010 (74.8128%) - 120776 ms
Processing event #3050001 of 4010010 (76.0597%) - 103562 ms
Processing event #3100001 of 4010010 (77.3065%) - 120530 ms
Processing event #3150001 of 4010010 (78.5534%) - 118800 ms
Processing event #3200001 of 4010010 (79.8003%) - 109545 ms
Processing event #3250001 of 4010010 (81.0472%) - 107143 ms
Processing event #3300001 of 4010010 (82.2941%) - 107691 ms
Processing event #3350001 of 4010010 (83.5409%) - 112172 ms
Processing event #3400001 of 4010010 (84.7878%) - 109076 ms
Processing event #3450001 of 4010010 (86.0347%) - 106875 ms
Processing event #3500001 of 4010010 (87.2816%) - 99676 ms
Processing event #3550001 of 4010010 (88.5285%) - 98864 ms
Processing event #3600001 of 4010010 (89.7753%) - 103699 ms
Processing event #3650001 of 4010010 (91.0222%) - 99862 ms
Processing event #3700001 of 4010010 (92.2691%) - 90117 ms
Processing event #3750001 of 4010010 (93.516%) - 99204 ms
Processing event #3800001 of 4010010 (94.7629%) - 91497 ms
Processing event #3850001 of 4010010 (96.0097%) - 102575 ms
Processing event #3900001 of 4010010 (97.2566%) - 91426 ms
Processing event #3950001 of 4010010 (98.5035%) - 103971 ms
Processing event #4000001 of 4010010 (99.7504%) - 102059 ms

Absolute efficiency : related to initial number of event =  4010010
Efficiency for photon/jet cut: [31m99.1536%[m
Selection efficiency for trigger selection: [31m98.0547%[m
Efficiency for Δφ cut: [31m87.1875%[m
Efficiency for pixel seed veto cut: [31m84.2578%[m
Efficiency for muons cut: [31m78.8137%[m
Efficiency for electrons cut: [31m77.0762%[m
Efficiency for pT(j1) cut: [31m77.0747%[m
Efficiency for α cut: [31m39.5201%[m
Selection efficiency: [31m38.9371%[m

Relative efficiency --- Initial events : 4010010
Efficiency for photon/jet cut: [31m99.1536%[m
Selection efficiency for trigger selection: [31m98.8917%[m
Efficiency for Δφ cut: [31m88.9173%[m
Efficiency for pixel seed veto cut: [31m96.6397%[m
Efficiency for muons cut: [31m93.5388%[m
Efficiency for electrons cut: [31m97.7955%[m
Efficiency for pT(j1) cut: [31m99.998%[m
Efficiency for α cut: [31m51.275%[m
Selection efficiency: [31m98.5249%[m
 passedJetPtCut -> Entries degli isto senza passedID -->    3090703
 passedEvents -> Entries degli isto con passedID -->    1561382
Warning in <Fit>: Fit data is empty 
Warning in <Fit>: Fit data is empty 
